ARM GAS  C:\Users\kroko\AppData\Local\Temp\ccngj3Mv.s 			page 1


   1              		.cpu cortex-m0plus
   2              		.arch armv6s-m
   3              		.fpu softvfp
   4              		.eabi_attribute 20, 1
   5              		.eabi_attribute 21, 1
   6              		.eabi_attribute 23, 3
   7              		.eabi_attribute 24, 1
   8              		.eabi_attribute 25, 1
   9              		.eabi_attribute 26, 1
  10              		.eabi_attribute 30, 1
  11              		.eabi_attribute 34, 0
  12              		.eabi_attribute 18, 4
  13              		.file	"stm32c0xx_hal_msp.c"
  14              		.text
  15              	.Ltext0:
  16              		.cfi_sections	.debug_frame
  17              		.file 1 "Core/Src/stm32c0xx_hal_msp.c"
  18              		.section	.text.HAL_MspInit,"ax",%progbits
  19              		.align	1
  20              		.global	HAL_MspInit
  21              		.syntax unified
  22              		.code	16
  23              		.thumb_func
  25              	HAL_MspInit:
  26              	.LFB216:
   1:Core/Src/stm32c0xx_hal_msp.c **** 
   2:Core/Src/stm32c0xx_hal_msp.c **** /* USER CODE BEGIN Header */
   3:Core/Src/stm32c0xx_hal_msp.c **** /**
   4:Core/Src/stm32c0xx_hal_msp.c ****   ******************************************************************************
   5:Core/Src/stm32c0xx_hal_msp.c ****   * @file         stm32c0xx_hal_msp.c
   6:Core/Src/stm32c0xx_hal_msp.c ****   * @brief        This file provides code for the MSP Initialization
   7:Core/Src/stm32c0xx_hal_msp.c ****   *               and de-Initialization codes.
   8:Core/Src/stm32c0xx_hal_msp.c ****   ******************************************************************************
   9:Core/Src/stm32c0xx_hal_msp.c ****   * @attention
  10:Core/Src/stm32c0xx_hal_msp.c ****   *
  11:Core/Src/stm32c0xx_hal_msp.c ****   * Copyright (c) 2024 STMicroelectronics.
  12:Core/Src/stm32c0xx_hal_msp.c ****   * All rights reserved.
  13:Core/Src/stm32c0xx_hal_msp.c ****   *
  14:Core/Src/stm32c0xx_hal_msp.c ****   * This software is licensed under terms that can be found in the LICENSE file
  15:Core/Src/stm32c0xx_hal_msp.c ****   * in the root directory of this software component.
  16:Core/Src/stm32c0xx_hal_msp.c ****   * If no LICENSE file comes with this software, it is provided AS-IS.
  17:Core/Src/stm32c0xx_hal_msp.c ****   *
  18:Core/Src/stm32c0xx_hal_msp.c ****   ******************************************************************************
  19:Core/Src/stm32c0xx_hal_msp.c ****   */
  20:Core/Src/stm32c0xx_hal_msp.c **** /* USER CODE END Header */
  21:Core/Src/stm32c0xx_hal_msp.c **** 
  22:Core/Src/stm32c0xx_hal_msp.c **** /* Includes ------------------------------------------------------------------*/
  23:Core/Src/stm32c0xx_hal_msp.c **** #include "main.h"
  24:Core/Src/stm32c0xx_hal_msp.c **** /* USER CODE BEGIN Includes */
  25:Core/Src/stm32c0xx_hal_msp.c **** 
  26:Core/Src/stm32c0xx_hal_msp.c **** /* USER CODE END Includes */
  27:Core/Src/stm32c0xx_hal_msp.c **** extern DMA_HandleTypeDef hdma_usart2_rx;
  28:Core/Src/stm32c0xx_hal_msp.c **** 
  29:Core/Src/stm32c0xx_hal_msp.c **** extern DMA_HandleTypeDef hdma_usart2_tx;
  30:Core/Src/stm32c0xx_hal_msp.c **** 
  31:Core/Src/stm32c0xx_hal_msp.c **** /* Private typedef -----------------------------------------------------------*/
  32:Core/Src/stm32c0xx_hal_msp.c **** /* USER CODE BEGIN TD */
ARM GAS  C:\Users\kroko\AppData\Local\Temp\ccngj3Mv.s 			page 2


  33:Core/Src/stm32c0xx_hal_msp.c **** 
  34:Core/Src/stm32c0xx_hal_msp.c **** /* USER CODE END TD */
  35:Core/Src/stm32c0xx_hal_msp.c **** 
  36:Core/Src/stm32c0xx_hal_msp.c **** /* Private define ------------------------------------------------------------*/
  37:Core/Src/stm32c0xx_hal_msp.c **** /* USER CODE BEGIN Define */
  38:Core/Src/stm32c0xx_hal_msp.c **** 
  39:Core/Src/stm32c0xx_hal_msp.c **** /* USER CODE END Define */
  40:Core/Src/stm32c0xx_hal_msp.c **** 
  41:Core/Src/stm32c0xx_hal_msp.c **** /* Private macro -------------------------------------------------------------*/
  42:Core/Src/stm32c0xx_hal_msp.c **** /* USER CODE BEGIN Macro */
  43:Core/Src/stm32c0xx_hal_msp.c **** 
  44:Core/Src/stm32c0xx_hal_msp.c **** /* USER CODE END Macro */
  45:Core/Src/stm32c0xx_hal_msp.c **** 
  46:Core/Src/stm32c0xx_hal_msp.c **** /* Private variables ---------------------------------------------------------*/
  47:Core/Src/stm32c0xx_hal_msp.c **** /* USER CODE BEGIN PV */
  48:Core/Src/stm32c0xx_hal_msp.c **** 
  49:Core/Src/stm32c0xx_hal_msp.c **** /* USER CODE END PV */
  50:Core/Src/stm32c0xx_hal_msp.c **** 
  51:Core/Src/stm32c0xx_hal_msp.c **** /* Private function prototypes -----------------------------------------------*/
  52:Core/Src/stm32c0xx_hal_msp.c **** /* USER CODE BEGIN PFP */
  53:Core/Src/stm32c0xx_hal_msp.c **** 
  54:Core/Src/stm32c0xx_hal_msp.c **** /* USER CODE END PFP */
  55:Core/Src/stm32c0xx_hal_msp.c **** 
  56:Core/Src/stm32c0xx_hal_msp.c **** /* External functions --------------------------------------------------------*/
  57:Core/Src/stm32c0xx_hal_msp.c **** /* USER CODE BEGIN ExternalFunctions */
  58:Core/Src/stm32c0xx_hal_msp.c **** 
  59:Core/Src/stm32c0xx_hal_msp.c **** /* USER CODE END ExternalFunctions */
  60:Core/Src/stm32c0xx_hal_msp.c **** 
  61:Core/Src/stm32c0xx_hal_msp.c **** /* USER CODE BEGIN 0 */
  62:Core/Src/stm32c0xx_hal_msp.c **** 
  63:Core/Src/stm32c0xx_hal_msp.c **** /* USER CODE END 0 */
  64:Core/Src/stm32c0xx_hal_msp.c **** 
  65:Core/Src/stm32c0xx_hal_msp.c **** void HAL_TIM_MspPostInit(TIM_HandleTypeDef *htim);
  66:Core/Src/stm32c0xx_hal_msp.c ****                     /**
  67:Core/Src/stm32c0xx_hal_msp.c ****   * Initializes the Global MSP.
  68:Core/Src/stm32c0xx_hal_msp.c ****   */
  69:Core/Src/stm32c0xx_hal_msp.c **** void HAL_MspInit(void)
  70:Core/Src/stm32c0xx_hal_msp.c **** {
  27              		.loc 1 70 1 view -0
  28              		.cfi_startproc
  29              		@ args = 0, pretend = 0, frame = 8
  30              		@ frame_needed = 0, uses_anonymous_args = 0
  31              		@ link register save eliminated.
  32 0000 82B0     		sub	sp, sp, #8
  33              		.cfi_def_cfa_offset 8
  71:Core/Src/stm32c0xx_hal_msp.c **** 
  72:Core/Src/stm32c0xx_hal_msp.c ****   /* USER CODE BEGIN MspInit 0 */
  73:Core/Src/stm32c0xx_hal_msp.c **** 
  74:Core/Src/stm32c0xx_hal_msp.c ****   /* USER CODE END MspInit 0 */
  75:Core/Src/stm32c0xx_hal_msp.c **** 
  76:Core/Src/stm32c0xx_hal_msp.c ****   __HAL_RCC_SYSCFG_CLK_ENABLE();
  34              		.loc 1 76 3 view .LVU1
  35              	.LBB2:
  36              		.loc 1 76 3 view .LVU2
  37              		.loc 1 76 3 view .LVU3
  38 0002 0A4B     		ldr	r3, .L2
  39 0004 196C     		ldr	r1, [r3, #64]
ARM GAS  C:\Users\kroko\AppData\Local\Temp\ccngj3Mv.s 			page 3


  40 0006 0122     		movs	r2, #1
  41 0008 1143     		orrs	r1, r2
  42 000a 1964     		str	r1, [r3, #64]
  43              		.loc 1 76 3 view .LVU4
  44 000c 196C     		ldr	r1, [r3, #64]
  45 000e 0A40     		ands	r2, r1
  46 0010 0092     		str	r2, [sp]
  47              		.loc 1 76 3 view .LVU5
  48 0012 009A     		ldr	r2, [sp]
  49              	.LBE2:
  50              		.loc 1 76 3 view .LVU6
  77:Core/Src/stm32c0xx_hal_msp.c ****   __HAL_RCC_PWR_CLK_ENABLE();
  51              		.loc 1 77 3 view .LVU7
  52              	.LBB3:
  53              		.loc 1 77 3 view .LVU8
  54              		.loc 1 77 3 view .LVU9
  55 0014 DA6B     		ldr	r2, [r3, #60]
  56 0016 8021     		movs	r1, #128
  57 0018 4905     		lsls	r1, r1, #21
  58 001a 0A43     		orrs	r2, r1
  59 001c DA63     		str	r2, [r3, #60]
  60              		.loc 1 77 3 view .LVU10
  61 001e DB6B     		ldr	r3, [r3, #60]
  62 0020 0B40     		ands	r3, r1
  63 0022 0193     		str	r3, [sp, #4]
  64              		.loc 1 77 3 view .LVU11
  65 0024 019B     		ldr	r3, [sp, #4]
  66              	.LBE3:
  67              		.loc 1 77 3 view .LVU12
  78:Core/Src/stm32c0xx_hal_msp.c **** 
  79:Core/Src/stm32c0xx_hal_msp.c ****   /* System interrupt init*/
  80:Core/Src/stm32c0xx_hal_msp.c **** 
  81:Core/Src/stm32c0xx_hal_msp.c ****   /* USER CODE BEGIN MspInit 1 */
  82:Core/Src/stm32c0xx_hal_msp.c **** 
  83:Core/Src/stm32c0xx_hal_msp.c ****   /* USER CODE END MspInit 1 */
  84:Core/Src/stm32c0xx_hal_msp.c **** }
  68              		.loc 1 84 1 is_stmt 0 view .LVU13
  69 0026 02B0     		add	sp, sp, #8
  70              		@ sp needed
  71 0028 7047     		bx	lr
  72              	.L3:
  73 002a C046     		.align	2
  74              	.L2:
  75 002c 00100240 		.word	1073876992
  76              		.cfi_endproc
  77              	.LFE216:
  79              		.section	.text.HAL_TIM_Base_MspInit,"ax",%progbits
  80              		.align	1
  81              		.global	HAL_TIM_Base_MspInit
  82              		.syntax unified
  83              		.code	16
  84              		.thumb_func
  86              	HAL_TIM_Base_MspInit:
  87              	.LVL0:
  88              	.LFB217:
  85:Core/Src/stm32c0xx_hal_msp.c **** 
  86:Core/Src/stm32c0xx_hal_msp.c **** /**
ARM GAS  C:\Users\kroko\AppData\Local\Temp\ccngj3Mv.s 			page 4


  87:Core/Src/stm32c0xx_hal_msp.c **** * @brief TIM_Base MSP Initialization
  88:Core/Src/stm32c0xx_hal_msp.c **** * This function configures the hardware resources used in this example
  89:Core/Src/stm32c0xx_hal_msp.c **** * @param htim_base: TIM_Base handle pointer
  90:Core/Src/stm32c0xx_hal_msp.c **** * @retval None
  91:Core/Src/stm32c0xx_hal_msp.c **** */
  92:Core/Src/stm32c0xx_hal_msp.c **** void HAL_TIM_Base_MspInit(TIM_HandleTypeDef* htim_base)
  93:Core/Src/stm32c0xx_hal_msp.c **** {
  89              		.loc 1 93 1 is_stmt 1 view -0
  90              		.cfi_startproc
  91              		@ args = 0, pretend = 0, frame = 8
  92              		@ frame_needed = 0, uses_anonymous_args = 0
  93              		@ link register save eliminated.
  94              		.loc 1 93 1 is_stmt 0 view .LVU15
  95 0000 82B0     		sub	sp, sp, #8
  96              		.cfi_def_cfa_offset 8
  94:Core/Src/stm32c0xx_hal_msp.c ****   if(htim_base->Instance==TIM17)
  97              		.loc 1 94 3 is_stmt 1 view .LVU16
  98              		.loc 1 94 15 is_stmt 0 view .LVU17
  99 0002 0268     		ldr	r2, [r0]
 100              		.loc 1 94 5 view .LVU18
 101 0004 074B     		ldr	r3, .L7
 102 0006 9A42     		cmp	r2, r3
 103 0008 01D0     		beq	.L6
 104              	.L4:
  95:Core/Src/stm32c0xx_hal_msp.c ****   {
  96:Core/Src/stm32c0xx_hal_msp.c ****   /* USER CODE BEGIN TIM17_MspInit 0 */
  97:Core/Src/stm32c0xx_hal_msp.c **** 
  98:Core/Src/stm32c0xx_hal_msp.c ****   /* USER CODE END TIM17_MspInit 0 */
  99:Core/Src/stm32c0xx_hal_msp.c ****     /* Peripheral clock enable */
 100:Core/Src/stm32c0xx_hal_msp.c ****     __HAL_RCC_TIM17_CLK_ENABLE();
 101:Core/Src/stm32c0xx_hal_msp.c ****   /* USER CODE BEGIN TIM17_MspInit 1 */
 102:Core/Src/stm32c0xx_hal_msp.c **** 
 103:Core/Src/stm32c0xx_hal_msp.c ****   /* USER CODE END TIM17_MspInit 1 */
 104:Core/Src/stm32c0xx_hal_msp.c **** 
 105:Core/Src/stm32c0xx_hal_msp.c ****   }
 106:Core/Src/stm32c0xx_hal_msp.c **** 
 107:Core/Src/stm32c0xx_hal_msp.c **** }
 105              		.loc 1 107 1 view .LVU19
 106 000a 02B0     		add	sp, sp, #8
 107              		@ sp needed
 108 000c 7047     		bx	lr
 109              	.L6:
 100:Core/Src/stm32c0xx_hal_msp.c ****   /* USER CODE BEGIN TIM17_MspInit 1 */
 110              		.loc 1 100 5 is_stmt 1 view .LVU20
 111              	.LBB4:
 100:Core/Src/stm32c0xx_hal_msp.c ****   /* USER CODE BEGIN TIM17_MspInit 1 */
 112              		.loc 1 100 5 view .LVU21
 100:Core/Src/stm32c0xx_hal_msp.c ****   /* USER CODE BEGIN TIM17_MspInit 1 */
 113              		.loc 1 100 5 view .LVU22
 114 000e 064B     		ldr	r3, .L7+4
 115 0010 1A6C     		ldr	r2, [r3, #64]
 116 0012 8021     		movs	r1, #128
 117 0014 C902     		lsls	r1, r1, #11
 118 0016 0A43     		orrs	r2, r1
 119 0018 1A64     		str	r2, [r3, #64]
 100:Core/Src/stm32c0xx_hal_msp.c ****   /* USER CODE BEGIN TIM17_MspInit 1 */
 120              		.loc 1 100 5 view .LVU23
ARM GAS  C:\Users\kroko\AppData\Local\Temp\ccngj3Mv.s 			page 5


 121 001a 1B6C     		ldr	r3, [r3, #64]
 122 001c 0B40     		ands	r3, r1
 123 001e 0193     		str	r3, [sp, #4]
 100:Core/Src/stm32c0xx_hal_msp.c ****   /* USER CODE BEGIN TIM17_MspInit 1 */
 124              		.loc 1 100 5 view .LVU24
 125 0020 019B     		ldr	r3, [sp, #4]
 126              	.LBE4:
 100:Core/Src/stm32c0xx_hal_msp.c ****   /* USER CODE BEGIN TIM17_MspInit 1 */
 127              		.loc 1 100 5 discriminator 1 view .LVU25
 128              		.loc 1 107 1 is_stmt 0 view .LVU26
 129 0022 F2E7     		b	.L4
 130              	.L8:
 131              		.align	2
 132              	.L7:
 133 0024 00480140 		.word	1073825792
 134 0028 00100240 		.word	1073876992
 135              		.cfi_endproc
 136              	.LFE217:
 138              		.section	.text.HAL_TIM_MspPostInit,"ax",%progbits
 139              		.align	1
 140              		.global	HAL_TIM_MspPostInit
 141              		.syntax unified
 142              		.code	16
 143              		.thumb_func
 145              	HAL_TIM_MspPostInit:
 146              	.LVL1:
 147              	.LFB218:
 108:Core/Src/stm32c0xx_hal_msp.c **** 
 109:Core/Src/stm32c0xx_hal_msp.c **** void HAL_TIM_MspPostInit(TIM_HandleTypeDef* htim)
 110:Core/Src/stm32c0xx_hal_msp.c **** {
 148              		.loc 1 110 1 is_stmt 1 view -0
 149              		.cfi_startproc
 150              		@ args = 0, pretend = 0, frame = 24
 151              		@ frame_needed = 0, uses_anonymous_args = 0
 152              		.loc 1 110 1 is_stmt 0 view .LVU28
 153 0000 10B5     		push	{r4, lr}
 154              		.cfi_def_cfa_offset 8
 155              		.cfi_offset 4, -8
 156              		.cfi_offset 14, -4
 157 0002 86B0     		sub	sp, sp, #24
 158              		.cfi_def_cfa_offset 32
 159 0004 0400     		movs	r4, r0
 111:Core/Src/stm32c0xx_hal_msp.c ****   GPIO_InitTypeDef GPIO_InitStruct = {0};
 160              		.loc 1 111 3 is_stmt 1 view .LVU29
 161              		.loc 1 111 20 is_stmt 0 view .LVU30
 162 0006 1422     		movs	r2, #20
 163 0008 0021     		movs	r1, #0
 164 000a 01A8     		add	r0, sp, #4
 165              	.LVL2:
 166              		.loc 1 111 20 view .LVU31
 167 000c FFF7FEFF 		bl	memset
 168              	.LVL3:
 112:Core/Src/stm32c0xx_hal_msp.c ****   if(htim->Instance==TIM17)
 169              		.loc 1 112 3 is_stmt 1 view .LVU32
 170              		.loc 1 112 10 is_stmt 0 view .LVU33
 171 0010 2268     		ldr	r2, [r4]
 172              		.loc 1 112 5 view .LVU34
ARM GAS  C:\Users\kroko\AppData\Local\Temp\ccngj3Mv.s 			page 6


 173 0012 0C4B     		ldr	r3, .L12
 174 0014 9A42     		cmp	r2, r3
 175 0016 01D0     		beq	.L11
 176              	.L9:
 113:Core/Src/stm32c0xx_hal_msp.c ****   {
 114:Core/Src/stm32c0xx_hal_msp.c ****   /* USER CODE BEGIN TIM17_MspPostInit 0 */
 115:Core/Src/stm32c0xx_hal_msp.c **** 
 116:Core/Src/stm32c0xx_hal_msp.c ****   /* USER CODE END TIM17_MspPostInit 0 */
 117:Core/Src/stm32c0xx_hal_msp.c **** 
 118:Core/Src/stm32c0xx_hal_msp.c ****     __HAL_RCC_GPIOA_CLK_ENABLE();
 119:Core/Src/stm32c0xx_hal_msp.c ****     /**TIM17 GPIO Configuration
 120:Core/Src/stm32c0xx_hal_msp.c ****     PA1     ------> TIM17_CH1
 121:Core/Src/stm32c0xx_hal_msp.c ****     */
 122:Core/Src/stm32c0xx_hal_msp.c ****     GPIO_InitStruct.Pin = GPIO_PIN_1;
 123:Core/Src/stm32c0xx_hal_msp.c ****     GPIO_InitStruct.Mode = GPIO_MODE_AF_PP;
 124:Core/Src/stm32c0xx_hal_msp.c ****     GPIO_InitStruct.Pull = GPIO_NOPULL;
 125:Core/Src/stm32c0xx_hal_msp.c ****     GPIO_InitStruct.Speed = GPIO_SPEED_FREQ_LOW;
 126:Core/Src/stm32c0xx_hal_msp.c ****     GPIO_InitStruct.Alternate = GPIO_AF2_TIM17;
 127:Core/Src/stm32c0xx_hal_msp.c ****     HAL_GPIO_Init(GPIOA, &GPIO_InitStruct);
 128:Core/Src/stm32c0xx_hal_msp.c **** 
 129:Core/Src/stm32c0xx_hal_msp.c ****   /* USER CODE BEGIN TIM17_MspPostInit 1 */
 130:Core/Src/stm32c0xx_hal_msp.c **** 
 131:Core/Src/stm32c0xx_hal_msp.c ****   /* USER CODE END TIM17_MspPostInit 1 */
 132:Core/Src/stm32c0xx_hal_msp.c ****   }
 133:Core/Src/stm32c0xx_hal_msp.c **** 
 134:Core/Src/stm32c0xx_hal_msp.c **** }
 177              		.loc 1 134 1 view .LVU35
 178 0018 06B0     		add	sp, sp, #24
 179              		@ sp needed
 180              	.LVL4:
 181              		.loc 1 134 1 view .LVU36
 182 001a 10BD     		pop	{r4, pc}
 183              	.LVL5:
 184              	.L11:
 118:Core/Src/stm32c0xx_hal_msp.c ****     /**TIM17 GPIO Configuration
 185              		.loc 1 118 5 is_stmt 1 view .LVU37
 186              	.LBB5:
 118:Core/Src/stm32c0xx_hal_msp.c ****     /**TIM17 GPIO Configuration
 187              		.loc 1 118 5 view .LVU38
 118:Core/Src/stm32c0xx_hal_msp.c ****     /**TIM17 GPIO Configuration
 188              		.loc 1 118 5 view .LVU39
 189 001c 0A4A     		ldr	r2, .L12+4
 190 001e 516B     		ldr	r1, [r2, #52]
 191 0020 0123     		movs	r3, #1
 192 0022 1943     		orrs	r1, r3
 193 0024 5163     		str	r1, [r2, #52]
 118:Core/Src/stm32c0xx_hal_msp.c ****     /**TIM17 GPIO Configuration
 194              		.loc 1 118 5 view .LVU40
 195 0026 526B     		ldr	r2, [r2, #52]
 196 0028 1340     		ands	r3, r2
 197 002a 0093     		str	r3, [sp]
 118:Core/Src/stm32c0xx_hal_msp.c ****     /**TIM17 GPIO Configuration
 198              		.loc 1 118 5 view .LVU41
 199 002c 009B     		ldr	r3, [sp]
 200              	.LBE5:
 118:Core/Src/stm32c0xx_hal_msp.c ****     /**TIM17 GPIO Configuration
 201              		.loc 1 118 5 view .LVU42
ARM GAS  C:\Users\kroko\AppData\Local\Temp\ccngj3Mv.s 			page 7


 122:Core/Src/stm32c0xx_hal_msp.c ****     GPIO_InitStruct.Mode = GPIO_MODE_AF_PP;
 202              		.loc 1 122 5 view .LVU43
 122:Core/Src/stm32c0xx_hal_msp.c ****     GPIO_InitStruct.Mode = GPIO_MODE_AF_PP;
 203              		.loc 1 122 25 is_stmt 0 view .LVU44
 204 002e 0223     		movs	r3, #2
 205 0030 0193     		str	r3, [sp, #4]
 123:Core/Src/stm32c0xx_hal_msp.c ****     GPIO_InitStruct.Pull = GPIO_NOPULL;
 206              		.loc 1 123 5 is_stmt 1 view .LVU45
 123:Core/Src/stm32c0xx_hal_msp.c ****     GPIO_InitStruct.Pull = GPIO_NOPULL;
 207              		.loc 1 123 26 is_stmt 0 view .LVU46
 208 0032 0293     		str	r3, [sp, #8]
 124:Core/Src/stm32c0xx_hal_msp.c ****     GPIO_InitStruct.Speed = GPIO_SPEED_FREQ_LOW;
 209              		.loc 1 124 5 is_stmt 1 view .LVU47
 125:Core/Src/stm32c0xx_hal_msp.c ****     GPIO_InitStruct.Alternate = GPIO_AF2_TIM17;
 210              		.loc 1 125 5 view .LVU48
 126:Core/Src/stm32c0xx_hal_msp.c ****     HAL_GPIO_Init(GPIOA, &GPIO_InitStruct);
 211              		.loc 1 126 5 view .LVU49
 126:Core/Src/stm32c0xx_hal_msp.c ****     HAL_GPIO_Init(GPIOA, &GPIO_InitStruct);
 212              		.loc 1 126 31 is_stmt 0 view .LVU50
 213 0034 0593     		str	r3, [sp, #20]
 127:Core/Src/stm32c0xx_hal_msp.c **** 
 214              		.loc 1 127 5 is_stmt 1 view .LVU51
 215 0036 A020     		movs	r0, #160
 216 0038 01A9     		add	r1, sp, #4
 217 003a C005     		lsls	r0, r0, #23
 218 003c FFF7FEFF 		bl	HAL_GPIO_Init
 219              	.LVL6:
 220              		.loc 1 134 1 is_stmt 0 view .LVU52
 221 0040 EAE7     		b	.L9
 222              	.L13:
 223 0042 C046     		.align	2
 224              	.L12:
 225 0044 00480140 		.word	1073825792
 226 0048 00100240 		.word	1073876992
 227              		.cfi_endproc
 228              	.LFE218:
 230              		.section	.text.HAL_TIM_Base_MspDeInit,"ax",%progbits
 231              		.align	1
 232              		.global	HAL_TIM_Base_MspDeInit
 233              		.syntax unified
 234              		.code	16
 235              		.thumb_func
 237              	HAL_TIM_Base_MspDeInit:
 238              	.LVL7:
 239              	.LFB219:
 135:Core/Src/stm32c0xx_hal_msp.c **** /**
 136:Core/Src/stm32c0xx_hal_msp.c **** * @brief TIM_Base MSP De-Initialization
 137:Core/Src/stm32c0xx_hal_msp.c **** * This function freeze the hardware resources used in this example
 138:Core/Src/stm32c0xx_hal_msp.c **** * @param htim_base: TIM_Base handle pointer
 139:Core/Src/stm32c0xx_hal_msp.c **** * @retval None
 140:Core/Src/stm32c0xx_hal_msp.c **** */
 141:Core/Src/stm32c0xx_hal_msp.c **** void HAL_TIM_Base_MspDeInit(TIM_HandleTypeDef* htim_base)
 142:Core/Src/stm32c0xx_hal_msp.c **** {
 240              		.loc 1 142 1 is_stmt 1 view -0
 241              		.cfi_startproc
 242              		@ args = 0, pretend = 0, frame = 0
 243              		@ frame_needed = 0, uses_anonymous_args = 0
ARM GAS  C:\Users\kroko\AppData\Local\Temp\ccngj3Mv.s 			page 8


 244              		@ link register save eliminated.
 143:Core/Src/stm32c0xx_hal_msp.c ****   if(htim_base->Instance==TIM17)
 245              		.loc 1 143 3 view .LVU54
 246              		.loc 1 143 15 is_stmt 0 view .LVU55
 247 0000 0268     		ldr	r2, [r0]
 248              		.loc 1 143 5 view .LVU56
 249 0002 054B     		ldr	r3, .L17
 250 0004 9A42     		cmp	r2, r3
 251 0006 00D0     		beq	.L16
 252              	.L14:
 144:Core/Src/stm32c0xx_hal_msp.c ****   {
 145:Core/Src/stm32c0xx_hal_msp.c ****   /* USER CODE BEGIN TIM17_MspDeInit 0 */
 146:Core/Src/stm32c0xx_hal_msp.c **** 
 147:Core/Src/stm32c0xx_hal_msp.c ****   /* USER CODE END TIM17_MspDeInit 0 */
 148:Core/Src/stm32c0xx_hal_msp.c ****     /* Peripheral clock disable */
 149:Core/Src/stm32c0xx_hal_msp.c ****     __HAL_RCC_TIM17_CLK_DISABLE();
 150:Core/Src/stm32c0xx_hal_msp.c ****   /* USER CODE BEGIN TIM17_MspDeInit 1 */
 151:Core/Src/stm32c0xx_hal_msp.c **** 
 152:Core/Src/stm32c0xx_hal_msp.c ****   /* USER CODE END TIM17_MspDeInit 1 */
 153:Core/Src/stm32c0xx_hal_msp.c ****   }
 154:Core/Src/stm32c0xx_hal_msp.c **** 
 155:Core/Src/stm32c0xx_hal_msp.c **** }
 253              		.loc 1 155 1 view .LVU57
 254              		@ sp needed
 255 0008 7047     		bx	lr
 256              	.L16:
 149:Core/Src/stm32c0xx_hal_msp.c ****   /* USER CODE BEGIN TIM17_MspDeInit 1 */
 257              		.loc 1 149 5 is_stmt 1 view .LVU58
 258 000a 044A     		ldr	r2, .L17+4
 259 000c 136C     		ldr	r3, [r2, #64]
 260 000e 0449     		ldr	r1, .L17+8
 261 0010 0B40     		ands	r3, r1
 262 0012 1364     		str	r3, [r2, #64]
 263              		.loc 1 155 1 is_stmt 0 view .LVU59
 264 0014 F8E7     		b	.L14
 265              	.L18:
 266 0016 C046     		.align	2
 267              	.L17:
 268 0018 00480140 		.word	1073825792
 269 001c 00100240 		.word	1073876992
 270 0020 FFFFFBFF 		.word	-262145
 271              		.cfi_endproc
 272              	.LFE219:
 274              		.section	.text.HAL_UART_MspInit,"ax",%progbits
 275              		.align	1
 276              		.global	HAL_UART_MspInit
 277              		.syntax unified
 278              		.code	16
 279              		.thumb_func
 281              	HAL_UART_MspInit:
 282              	.LVL8:
 283              	.LFB220:
 156:Core/Src/stm32c0xx_hal_msp.c **** 
 157:Core/Src/stm32c0xx_hal_msp.c **** /**
 158:Core/Src/stm32c0xx_hal_msp.c **** * @brief UART MSP Initialization
 159:Core/Src/stm32c0xx_hal_msp.c **** * This function configures the hardware resources used in this example
 160:Core/Src/stm32c0xx_hal_msp.c **** * @param huart: UART handle pointer
ARM GAS  C:\Users\kroko\AppData\Local\Temp\ccngj3Mv.s 			page 9


 161:Core/Src/stm32c0xx_hal_msp.c **** * @retval None
 162:Core/Src/stm32c0xx_hal_msp.c **** */
 163:Core/Src/stm32c0xx_hal_msp.c **** void HAL_UART_MspInit(UART_HandleTypeDef* huart)
 164:Core/Src/stm32c0xx_hal_msp.c **** {
 284              		.loc 1 164 1 is_stmt 1 view -0
 285              		.cfi_startproc
 286              		@ args = 0, pretend = 0, frame = 32
 287              		@ frame_needed = 0, uses_anonymous_args = 0
 288              		.loc 1 164 1 is_stmt 0 view .LVU61
 289 0000 10B5     		push	{r4, lr}
 290              		.cfi_def_cfa_offset 8
 291              		.cfi_offset 4, -8
 292              		.cfi_offset 14, -4
 293 0002 88B0     		sub	sp, sp, #32
 294              		.cfi_def_cfa_offset 40
 295 0004 0400     		movs	r4, r0
 165:Core/Src/stm32c0xx_hal_msp.c ****   GPIO_InitTypeDef GPIO_InitStruct = {0};
 296              		.loc 1 165 3 is_stmt 1 view .LVU62
 297              		.loc 1 165 20 is_stmt 0 view .LVU63
 298 0006 1422     		movs	r2, #20
 299 0008 0021     		movs	r1, #0
 300 000a 03A8     		add	r0, sp, #12
 301              	.LVL9:
 302              		.loc 1 165 20 view .LVU64
 303 000c FFF7FEFF 		bl	memset
 304              	.LVL10:
 166:Core/Src/stm32c0xx_hal_msp.c ****   if(huart->Instance==USART2)
 305              		.loc 1 166 3 is_stmt 1 view .LVU65
 306              		.loc 1 166 11 is_stmt 0 view .LVU66
 307 0010 2268     		ldr	r2, [r4]
 308              		.loc 1 166 5 view .LVU67
 309 0012 2D4B     		ldr	r3, .L26
 310 0014 9A42     		cmp	r2, r3
 311 0016 01D0     		beq	.L23
 312              	.L19:
 167:Core/Src/stm32c0xx_hal_msp.c ****   {
 168:Core/Src/stm32c0xx_hal_msp.c ****   /* USER CODE BEGIN USART2_MspInit 0 */
 169:Core/Src/stm32c0xx_hal_msp.c **** 
 170:Core/Src/stm32c0xx_hal_msp.c ****   /* USER CODE END USART2_MspInit 0 */
 171:Core/Src/stm32c0xx_hal_msp.c ****     /* Peripheral clock enable */
 172:Core/Src/stm32c0xx_hal_msp.c ****     __HAL_RCC_USART2_CLK_ENABLE();
 173:Core/Src/stm32c0xx_hal_msp.c **** 
 174:Core/Src/stm32c0xx_hal_msp.c ****     __HAL_RCC_GPIOA_CLK_ENABLE();
 175:Core/Src/stm32c0xx_hal_msp.c ****     /**USART2 GPIO Configuration
 176:Core/Src/stm32c0xx_hal_msp.c ****     PA2     ------> USART2_TX
 177:Core/Src/stm32c0xx_hal_msp.c ****     PA3     ------> USART2_RX
 178:Core/Src/stm32c0xx_hal_msp.c ****     */
 179:Core/Src/stm32c0xx_hal_msp.c ****     GPIO_InitStruct.Pin = GPIO_PIN_2|GPIO_PIN_3;
 180:Core/Src/stm32c0xx_hal_msp.c ****     GPIO_InitStruct.Mode = GPIO_MODE_AF_PP;
 181:Core/Src/stm32c0xx_hal_msp.c ****     GPIO_InitStruct.Pull = GPIO_NOPULL;
 182:Core/Src/stm32c0xx_hal_msp.c ****     GPIO_InitStruct.Speed = GPIO_SPEED_FREQ_LOW;
 183:Core/Src/stm32c0xx_hal_msp.c ****     GPIO_InitStruct.Alternate = GPIO_AF1_USART2;
 184:Core/Src/stm32c0xx_hal_msp.c ****     HAL_GPIO_Init(GPIOA, &GPIO_InitStruct);
 185:Core/Src/stm32c0xx_hal_msp.c **** 
 186:Core/Src/stm32c0xx_hal_msp.c ****     /* USART2 DMA Init */
 187:Core/Src/stm32c0xx_hal_msp.c ****     /* USART2_RX Init */
 188:Core/Src/stm32c0xx_hal_msp.c ****     hdma_usart2_rx.Instance = DMA1_Channel1;
ARM GAS  C:\Users\kroko\AppData\Local\Temp\ccngj3Mv.s 			page 10


 189:Core/Src/stm32c0xx_hal_msp.c ****     hdma_usart2_rx.Init.Request = DMA_REQUEST_USART2_RX;
 190:Core/Src/stm32c0xx_hal_msp.c ****     hdma_usart2_rx.Init.Direction = DMA_PERIPH_TO_MEMORY;
 191:Core/Src/stm32c0xx_hal_msp.c ****     hdma_usart2_rx.Init.PeriphInc = DMA_PINC_DISABLE;
 192:Core/Src/stm32c0xx_hal_msp.c ****     hdma_usart2_rx.Init.MemInc = DMA_MINC_ENABLE;
 193:Core/Src/stm32c0xx_hal_msp.c ****     hdma_usart2_rx.Init.PeriphDataAlignment = DMA_PDATAALIGN_BYTE;
 194:Core/Src/stm32c0xx_hal_msp.c ****     hdma_usart2_rx.Init.MemDataAlignment = DMA_MDATAALIGN_BYTE;
 195:Core/Src/stm32c0xx_hal_msp.c ****     hdma_usart2_rx.Init.Mode = DMA_NORMAL;
 196:Core/Src/stm32c0xx_hal_msp.c ****     hdma_usart2_rx.Init.Priority = DMA_PRIORITY_LOW;
 197:Core/Src/stm32c0xx_hal_msp.c ****     if (HAL_DMA_Init(&hdma_usart2_rx) != HAL_OK)
 198:Core/Src/stm32c0xx_hal_msp.c ****     {
 199:Core/Src/stm32c0xx_hal_msp.c ****       Error_Handler();
 200:Core/Src/stm32c0xx_hal_msp.c ****     }
 201:Core/Src/stm32c0xx_hal_msp.c **** 
 202:Core/Src/stm32c0xx_hal_msp.c ****     __HAL_LINKDMA(huart,hdmarx,hdma_usart2_rx);
 203:Core/Src/stm32c0xx_hal_msp.c **** 
 204:Core/Src/stm32c0xx_hal_msp.c ****     /* USART2_TX Init */
 205:Core/Src/stm32c0xx_hal_msp.c ****     hdma_usart2_tx.Instance = DMA1_Channel2;
 206:Core/Src/stm32c0xx_hal_msp.c ****     hdma_usart2_tx.Init.Request = DMA_REQUEST_USART2_TX;
 207:Core/Src/stm32c0xx_hal_msp.c ****     hdma_usart2_tx.Init.Direction = DMA_MEMORY_TO_PERIPH;
 208:Core/Src/stm32c0xx_hal_msp.c ****     hdma_usart2_tx.Init.PeriphInc = DMA_PINC_DISABLE;
 209:Core/Src/stm32c0xx_hal_msp.c ****     hdma_usart2_tx.Init.MemInc = DMA_MINC_ENABLE;
 210:Core/Src/stm32c0xx_hal_msp.c ****     hdma_usart2_tx.Init.PeriphDataAlignment = DMA_PDATAALIGN_BYTE;
 211:Core/Src/stm32c0xx_hal_msp.c ****     hdma_usart2_tx.Init.MemDataAlignment = DMA_MDATAALIGN_BYTE;
 212:Core/Src/stm32c0xx_hal_msp.c ****     hdma_usart2_tx.Init.Mode = DMA_NORMAL;
 213:Core/Src/stm32c0xx_hal_msp.c ****     hdma_usart2_tx.Init.Priority = DMA_PRIORITY_LOW;
 214:Core/Src/stm32c0xx_hal_msp.c ****     if (HAL_DMA_Init(&hdma_usart2_tx) != HAL_OK)
 215:Core/Src/stm32c0xx_hal_msp.c ****     {
 216:Core/Src/stm32c0xx_hal_msp.c ****       Error_Handler();
 217:Core/Src/stm32c0xx_hal_msp.c ****     }
 218:Core/Src/stm32c0xx_hal_msp.c **** 
 219:Core/Src/stm32c0xx_hal_msp.c ****     __HAL_LINKDMA(huart,hdmatx,hdma_usart2_tx);
 220:Core/Src/stm32c0xx_hal_msp.c **** 
 221:Core/Src/stm32c0xx_hal_msp.c ****     /* USART2 interrupt Init */
 222:Core/Src/stm32c0xx_hal_msp.c ****     HAL_NVIC_SetPriority(USART2_IRQn, 0, 0);
 223:Core/Src/stm32c0xx_hal_msp.c ****     HAL_NVIC_EnableIRQ(USART2_IRQn);
 224:Core/Src/stm32c0xx_hal_msp.c ****   /* USER CODE BEGIN USART2_MspInit 1 */
 225:Core/Src/stm32c0xx_hal_msp.c **** 
 226:Core/Src/stm32c0xx_hal_msp.c ****   /* USER CODE END USART2_MspInit 1 */
 227:Core/Src/stm32c0xx_hal_msp.c **** 
 228:Core/Src/stm32c0xx_hal_msp.c ****   }
 229:Core/Src/stm32c0xx_hal_msp.c **** 
 230:Core/Src/stm32c0xx_hal_msp.c **** }
 313              		.loc 1 230 1 view .LVU68
 314 0018 08B0     		add	sp, sp, #32
 315              		@ sp needed
 316              	.LVL11:
 317              		.loc 1 230 1 view .LVU69
 318 001a 10BD     		pop	{r4, pc}
 319              	.LVL12:
 320              	.L23:
 172:Core/Src/stm32c0xx_hal_msp.c **** 
 321              		.loc 1 172 5 is_stmt 1 view .LVU70
 322              	.LBB6:
 172:Core/Src/stm32c0xx_hal_msp.c **** 
 323              		.loc 1 172 5 view .LVU71
 172:Core/Src/stm32c0xx_hal_msp.c **** 
 324              		.loc 1 172 5 view .LVU72
ARM GAS  C:\Users\kroko\AppData\Local\Temp\ccngj3Mv.s 			page 11


 325 001c 2B4B     		ldr	r3, .L26+4
 326 001e DA6B     		ldr	r2, [r3, #60]
 327 0020 8021     		movs	r1, #128
 328 0022 8902     		lsls	r1, r1, #10
 329 0024 0A43     		orrs	r2, r1
 330 0026 DA63     		str	r2, [r3, #60]
 172:Core/Src/stm32c0xx_hal_msp.c **** 
 331              		.loc 1 172 5 view .LVU73
 332 0028 DA6B     		ldr	r2, [r3, #60]
 333 002a 0A40     		ands	r2, r1
 334 002c 0192     		str	r2, [sp, #4]
 172:Core/Src/stm32c0xx_hal_msp.c **** 
 335              		.loc 1 172 5 view .LVU74
 336 002e 019A     		ldr	r2, [sp, #4]
 337              	.LBE6:
 172:Core/Src/stm32c0xx_hal_msp.c **** 
 338              		.loc 1 172 5 view .LVU75
 174:Core/Src/stm32c0xx_hal_msp.c ****     /**USART2 GPIO Configuration
 339              		.loc 1 174 5 view .LVU76
 340              	.LBB7:
 174:Core/Src/stm32c0xx_hal_msp.c ****     /**USART2 GPIO Configuration
 341              		.loc 1 174 5 view .LVU77
 174:Core/Src/stm32c0xx_hal_msp.c ****     /**USART2 GPIO Configuration
 342              		.loc 1 174 5 view .LVU78
 343 0030 596B     		ldr	r1, [r3, #52]
 344 0032 0122     		movs	r2, #1
 345 0034 1143     		orrs	r1, r2
 346 0036 5963     		str	r1, [r3, #52]
 174:Core/Src/stm32c0xx_hal_msp.c ****     /**USART2 GPIO Configuration
 347              		.loc 1 174 5 view .LVU79
 348 0038 5B6B     		ldr	r3, [r3, #52]
 349 003a 1340     		ands	r3, r2
 350 003c 0293     		str	r3, [sp, #8]
 174:Core/Src/stm32c0xx_hal_msp.c ****     /**USART2 GPIO Configuration
 351              		.loc 1 174 5 view .LVU80
 352 003e 029B     		ldr	r3, [sp, #8]
 353              	.LBE7:
 174:Core/Src/stm32c0xx_hal_msp.c ****     /**USART2 GPIO Configuration
 354              		.loc 1 174 5 view .LVU81
 179:Core/Src/stm32c0xx_hal_msp.c ****     GPIO_InitStruct.Mode = GPIO_MODE_AF_PP;
 355              		.loc 1 179 5 view .LVU82
 179:Core/Src/stm32c0xx_hal_msp.c ****     GPIO_InitStruct.Mode = GPIO_MODE_AF_PP;
 356              		.loc 1 179 25 is_stmt 0 view .LVU83
 357 0040 0C23     		movs	r3, #12
 358 0042 0393     		str	r3, [sp, #12]
 180:Core/Src/stm32c0xx_hal_msp.c ****     GPIO_InitStruct.Pull = GPIO_NOPULL;
 359              		.loc 1 180 5 is_stmt 1 view .LVU84
 180:Core/Src/stm32c0xx_hal_msp.c ****     GPIO_InitStruct.Pull = GPIO_NOPULL;
 360              		.loc 1 180 26 is_stmt 0 view .LVU85
 361 0044 0A3B     		subs	r3, r3, #10
 362 0046 0493     		str	r3, [sp, #16]
 181:Core/Src/stm32c0xx_hal_msp.c ****     GPIO_InitStruct.Speed = GPIO_SPEED_FREQ_LOW;
 363              		.loc 1 181 5 is_stmt 1 view .LVU86
 182:Core/Src/stm32c0xx_hal_msp.c ****     GPIO_InitStruct.Alternate = GPIO_AF1_USART2;
 364              		.loc 1 182 5 view .LVU87
 183:Core/Src/stm32c0xx_hal_msp.c ****     HAL_GPIO_Init(GPIOA, &GPIO_InitStruct);
 365              		.loc 1 183 5 view .LVU88
ARM GAS  C:\Users\kroko\AppData\Local\Temp\ccngj3Mv.s 			page 12


 183:Core/Src/stm32c0xx_hal_msp.c ****     HAL_GPIO_Init(GPIOA, &GPIO_InitStruct);
 366              		.loc 1 183 31 is_stmt 0 view .LVU89
 367 0048 0792     		str	r2, [sp, #28]
 184:Core/Src/stm32c0xx_hal_msp.c **** 
 368              		.loc 1 184 5 is_stmt 1 view .LVU90
 369 004a A020     		movs	r0, #160
 370 004c 03A9     		add	r1, sp, #12
 371 004e C005     		lsls	r0, r0, #23
 372 0050 FFF7FEFF 		bl	HAL_GPIO_Init
 373              	.LVL13:
 188:Core/Src/stm32c0xx_hal_msp.c ****     hdma_usart2_rx.Init.Request = DMA_REQUEST_USART2_RX;
 374              		.loc 1 188 5 view .LVU91
 188:Core/Src/stm32c0xx_hal_msp.c ****     hdma_usart2_rx.Init.Request = DMA_REQUEST_USART2_RX;
 375              		.loc 1 188 29 is_stmt 0 view .LVU92
 376 0054 1E48     		ldr	r0, .L26+8
 377 0056 1F4B     		ldr	r3, .L26+12
 378 0058 0360     		str	r3, [r0]
 189:Core/Src/stm32c0xx_hal_msp.c ****     hdma_usart2_rx.Init.Direction = DMA_PERIPH_TO_MEMORY;
 379              		.loc 1 189 5 is_stmt 1 view .LVU93
 189:Core/Src/stm32c0xx_hal_msp.c ****     hdma_usart2_rx.Init.Direction = DMA_PERIPH_TO_MEMORY;
 380              		.loc 1 189 33 is_stmt 0 view .LVU94
 381 005a 3423     		movs	r3, #52
 382 005c 4360     		str	r3, [r0, #4]
 190:Core/Src/stm32c0xx_hal_msp.c ****     hdma_usart2_rx.Init.PeriphInc = DMA_PINC_DISABLE;
 383              		.loc 1 190 5 is_stmt 1 view .LVU95
 190:Core/Src/stm32c0xx_hal_msp.c ****     hdma_usart2_rx.Init.PeriphInc = DMA_PINC_DISABLE;
 384              		.loc 1 190 35 is_stmt 0 view .LVU96
 385 005e 0023     		movs	r3, #0
 386 0060 8360     		str	r3, [r0, #8]
 191:Core/Src/stm32c0xx_hal_msp.c ****     hdma_usart2_rx.Init.MemInc = DMA_MINC_ENABLE;
 387              		.loc 1 191 5 is_stmt 1 view .LVU97
 191:Core/Src/stm32c0xx_hal_msp.c ****     hdma_usart2_rx.Init.MemInc = DMA_MINC_ENABLE;
 388              		.loc 1 191 35 is_stmt 0 view .LVU98
 389 0062 C360     		str	r3, [r0, #12]
 192:Core/Src/stm32c0xx_hal_msp.c ****     hdma_usart2_rx.Init.PeriphDataAlignment = DMA_PDATAALIGN_BYTE;
 390              		.loc 1 192 5 is_stmt 1 view .LVU99
 192:Core/Src/stm32c0xx_hal_msp.c ****     hdma_usart2_rx.Init.PeriphDataAlignment = DMA_PDATAALIGN_BYTE;
 391              		.loc 1 192 32 is_stmt 0 view .LVU100
 392 0064 8022     		movs	r2, #128
 393 0066 0261     		str	r2, [r0, #16]
 193:Core/Src/stm32c0xx_hal_msp.c ****     hdma_usart2_rx.Init.MemDataAlignment = DMA_MDATAALIGN_BYTE;
 394              		.loc 1 193 5 is_stmt 1 view .LVU101
 193:Core/Src/stm32c0xx_hal_msp.c ****     hdma_usart2_rx.Init.MemDataAlignment = DMA_MDATAALIGN_BYTE;
 395              		.loc 1 193 45 is_stmt 0 view .LVU102
 396 0068 4361     		str	r3, [r0, #20]
 194:Core/Src/stm32c0xx_hal_msp.c ****     hdma_usart2_rx.Init.Mode = DMA_NORMAL;
 397              		.loc 1 194 5 is_stmt 1 view .LVU103
 194:Core/Src/stm32c0xx_hal_msp.c ****     hdma_usart2_rx.Init.Mode = DMA_NORMAL;
 398              		.loc 1 194 42 is_stmt 0 view .LVU104
 399 006a 8361     		str	r3, [r0, #24]
 195:Core/Src/stm32c0xx_hal_msp.c ****     hdma_usart2_rx.Init.Priority = DMA_PRIORITY_LOW;
 400              		.loc 1 195 5 is_stmt 1 view .LVU105
 195:Core/Src/stm32c0xx_hal_msp.c ****     hdma_usart2_rx.Init.Priority = DMA_PRIORITY_LOW;
 401              		.loc 1 195 30 is_stmt 0 view .LVU106
 402 006c C361     		str	r3, [r0, #28]
 196:Core/Src/stm32c0xx_hal_msp.c ****     if (HAL_DMA_Init(&hdma_usart2_rx) != HAL_OK)
 403              		.loc 1 196 5 is_stmt 1 view .LVU107
ARM GAS  C:\Users\kroko\AppData\Local\Temp\ccngj3Mv.s 			page 13


 196:Core/Src/stm32c0xx_hal_msp.c ****     if (HAL_DMA_Init(&hdma_usart2_rx) != HAL_OK)
 404              		.loc 1 196 34 is_stmt 0 view .LVU108
 405 006e 0362     		str	r3, [r0, #32]
 197:Core/Src/stm32c0xx_hal_msp.c ****     {
 406              		.loc 1 197 5 is_stmt 1 view .LVU109
 197:Core/Src/stm32c0xx_hal_msp.c ****     {
 407              		.loc 1 197 9 is_stmt 0 view .LVU110
 408 0070 FFF7FEFF 		bl	HAL_DMA_Init
 409              	.LVL14:
 197:Core/Src/stm32c0xx_hal_msp.c ****     {
 410              		.loc 1 197 8 discriminator 1 view .LVU111
 411 0074 0028     		cmp	r0, #0
 412 0076 21D1     		bne	.L24
 413              	.L21:
 202:Core/Src/stm32c0xx_hal_msp.c **** 
 414              		.loc 1 202 5 is_stmt 1 view .LVU112
 202:Core/Src/stm32c0xx_hal_msp.c **** 
 415              		.loc 1 202 5 view .LVU113
 416 0078 8022     		movs	r2, #128
 417 007a 154B     		ldr	r3, .L26+8
 418 007c A350     		str	r3, [r4, r2]
 202:Core/Src/stm32c0xx_hal_msp.c **** 
 419              		.loc 1 202 5 view .LVU114
 420 007e 9C62     		str	r4, [r3, #40]
 202:Core/Src/stm32c0xx_hal_msp.c **** 
 421              		.loc 1 202 5 view .LVU115
 205:Core/Src/stm32c0xx_hal_msp.c ****     hdma_usart2_tx.Init.Request = DMA_REQUEST_USART2_TX;
 422              		.loc 1 205 5 view .LVU116
 205:Core/Src/stm32c0xx_hal_msp.c ****     hdma_usart2_tx.Init.Request = DMA_REQUEST_USART2_TX;
 423              		.loc 1 205 29 is_stmt 0 view .LVU117
 424 0080 1548     		ldr	r0, .L26+16
 425 0082 164B     		ldr	r3, .L26+20
 426 0084 0360     		str	r3, [r0]
 206:Core/Src/stm32c0xx_hal_msp.c ****     hdma_usart2_tx.Init.Direction = DMA_MEMORY_TO_PERIPH;
 427              		.loc 1 206 5 is_stmt 1 view .LVU118
 206:Core/Src/stm32c0xx_hal_msp.c ****     hdma_usart2_tx.Init.Direction = DMA_MEMORY_TO_PERIPH;
 428              		.loc 1 206 33 is_stmt 0 view .LVU119
 429 0086 3523     		movs	r3, #53
 430 0088 4360     		str	r3, [r0, #4]
 207:Core/Src/stm32c0xx_hal_msp.c ****     hdma_usart2_tx.Init.PeriphInc = DMA_PINC_DISABLE;
 431              		.loc 1 207 5 is_stmt 1 view .LVU120
 207:Core/Src/stm32c0xx_hal_msp.c ****     hdma_usart2_tx.Init.PeriphInc = DMA_PINC_DISABLE;
 432              		.loc 1 207 35 is_stmt 0 view .LVU121
 433 008a 253B     		subs	r3, r3, #37
 434 008c 8360     		str	r3, [r0, #8]
 208:Core/Src/stm32c0xx_hal_msp.c ****     hdma_usart2_tx.Init.MemInc = DMA_MINC_ENABLE;
 435              		.loc 1 208 5 is_stmt 1 view .LVU122
 208:Core/Src/stm32c0xx_hal_msp.c ****     hdma_usart2_tx.Init.MemInc = DMA_MINC_ENABLE;
 436              		.loc 1 208 35 is_stmt 0 view .LVU123
 437 008e 0023     		movs	r3, #0
 438 0090 C360     		str	r3, [r0, #12]
 209:Core/Src/stm32c0xx_hal_msp.c ****     hdma_usart2_tx.Init.PeriphDataAlignment = DMA_PDATAALIGN_BYTE;
 439              		.loc 1 209 5 is_stmt 1 view .LVU124
 209:Core/Src/stm32c0xx_hal_msp.c ****     hdma_usart2_tx.Init.PeriphDataAlignment = DMA_PDATAALIGN_BYTE;
 440              		.loc 1 209 32 is_stmt 0 view .LVU125
 441 0092 0261     		str	r2, [r0, #16]
 210:Core/Src/stm32c0xx_hal_msp.c ****     hdma_usart2_tx.Init.MemDataAlignment = DMA_MDATAALIGN_BYTE;
ARM GAS  C:\Users\kroko\AppData\Local\Temp\ccngj3Mv.s 			page 14


 442              		.loc 1 210 5 is_stmt 1 view .LVU126
 210:Core/Src/stm32c0xx_hal_msp.c ****     hdma_usart2_tx.Init.MemDataAlignment = DMA_MDATAALIGN_BYTE;
 443              		.loc 1 210 45 is_stmt 0 view .LVU127
 444 0094 4361     		str	r3, [r0, #20]
 211:Core/Src/stm32c0xx_hal_msp.c ****     hdma_usart2_tx.Init.Mode = DMA_NORMAL;
 445              		.loc 1 211 5 is_stmt 1 view .LVU128
 211:Core/Src/stm32c0xx_hal_msp.c ****     hdma_usart2_tx.Init.Mode = DMA_NORMAL;
 446              		.loc 1 211 42 is_stmt 0 view .LVU129
 447 0096 8361     		str	r3, [r0, #24]
 212:Core/Src/stm32c0xx_hal_msp.c ****     hdma_usart2_tx.Init.Priority = DMA_PRIORITY_LOW;
 448              		.loc 1 212 5 is_stmt 1 view .LVU130
 212:Core/Src/stm32c0xx_hal_msp.c ****     hdma_usart2_tx.Init.Priority = DMA_PRIORITY_LOW;
 449              		.loc 1 212 30 is_stmt 0 view .LVU131
 450 0098 C361     		str	r3, [r0, #28]
 213:Core/Src/stm32c0xx_hal_msp.c ****     if (HAL_DMA_Init(&hdma_usart2_tx) != HAL_OK)
 451              		.loc 1 213 5 is_stmt 1 view .LVU132
 213:Core/Src/stm32c0xx_hal_msp.c ****     if (HAL_DMA_Init(&hdma_usart2_tx) != HAL_OK)
 452              		.loc 1 213 34 is_stmt 0 view .LVU133
 453 009a 0362     		str	r3, [r0, #32]
 214:Core/Src/stm32c0xx_hal_msp.c ****     {
 454              		.loc 1 214 5 is_stmt 1 view .LVU134
 214:Core/Src/stm32c0xx_hal_msp.c ****     {
 455              		.loc 1 214 9 is_stmt 0 view .LVU135
 456 009c FFF7FEFF 		bl	HAL_DMA_Init
 457              	.LVL15:
 214:Core/Src/stm32c0xx_hal_msp.c ****     {
 458              		.loc 1 214 8 discriminator 1 view .LVU136
 459 00a0 0028     		cmp	r0, #0
 460 00a2 0ED1     		bne	.L25
 461              	.L22:
 219:Core/Src/stm32c0xx_hal_msp.c **** 
 462              		.loc 1 219 5 is_stmt 1 view .LVU137
 219:Core/Src/stm32c0xx_hal_msp.c **** 
 463              		.loc 1 219 5 view .LVU138
 464 00a4 0C4B     		ldr	r3, .L26+16
 465 00a6 E367     		str	r3, [r4, #124]
 219:Core/Src/stm32c0xx_hal_msp.c **** 
 466              		.loc 1 219 5 view .LVU139
 467 00a8 9C62     		str	r4, [r3, #40]
 219:Core/Src/stm32c0xx_hal_msp.c **** 
 468              		.loc 1 219 5 view .LVU140
 222:Core/Src/stm32c0xx_hal_msp.c ****     HAL_NVIC_EnableIRQ(USART2_IRQn);
 469              		.loc 1 222 5 view .LVU141
 470 00aa 0022     		movs	r2, #0
 471 00ac 0021     		movs	r1, #0
 472 00ae 1C20     		movs	r0, #28
 473 00b0 FFF7FEFF 		bl	HAL_NVIC_SetPriority
 474              	.LVL16:
 223:Core/Src/stm32c0xx_hal_msp.c ****   /* USER CODE BEGIN USART2_MspInit 1 */
 475              		.loc 1 223 5 view .LVU142
 476 00b4 1C20     		movs	r0, #28
 477 00b6 FFF7FEFF 		bl	HAL_NVIC_EnableIRQ
 478              	.LVL17:
 479              		.loc 1 230 1 is_stmt 0 view .LVU143
 480 00ba ADE7     		b	.L19
 481              	.L24:
 199:Core/Src/stm32c0xx_hal_msp.c ****     }
ARM GAS  C:\Users\kroko\AppData\Local\Temp\ccngj3Mv.s 			page 15


 482              		.loc 1 199 7 is_stmt 1 view .LVU144
 483 00bc FFF7FEFF 		bl	Error_Handler
 484              	.LVL18:
 485 00c0 DAE7     		b	.L21
 486              	.L25:
 216:Core/Src/stm32c0xx_hal_msp.c ****     }
 487              		.loc 1 216 7 view .LVU145
 488 00c2 FFF7FEFF 		bl	Error_Handler
 489              	.LVL19:
 490 00c6 EDE7     		b	.L22
 491              	.L27:
 492              		.align	2
 493              	.L26:
 494 00c8 00440040 		.word	1073759232
 495 00cc 00100240 		.word	1073876992
 496 00d0 00000000 		.word	hdma_usart2_rx
 497 00d4 08000240 		.word	1073872904
 498 00d8 00000000 		.word	hdma_usart2_tx
 499 00dc 1C000240 		.word	1073872924
 500              		.cfi_endproc
 501              	.LFE220:
 503              		.section	.text.HAL_UART_MspDeInit,"ax",%progbits
 504              		.align	1
 505              		.global	HAL_UART_MspDeInit
 506              		.syntax unified
 507              		.code	16
 508              		.thumb_func
 510              	HAL_UART_MspDeInit:
 511              	.LVL20:
 512              	.LFB221:
 231:Core/Src/stm32c0xx_hal_msp.c **** 
 232:Core/Src/stm32c0xx_hal_msp.c **** /**
 233:Core/Src/stm32c0xx_hal_msp.c **** * @brief UART MSP De-Initialization
 234:Core/Src/stm32c0xx_hal_msp.c **** * This function freeze the hardware resources used in this example
 235:Core/Src/stm32c0xx_hal_msp.c **** * @param huart: UART handle pointer
 236:Core/Src/stm32c0xx_hal_msp.c **** * @retval None
 237:Core/Src/stm32c0xx_hal_msp.c **** */
 238:Core/Src/stm32c0xx_hal_msp.c **** void HAL_UART_MspDeInit(UART_HandleTypeDef* huart)
 239:Core/Src/stm32c0xx_hal_msp.c **** {
 513              		.loc 1 239 1 view -0
 514              		.cfi_startproc
 515              		@ args = 0, pretend = 0, frame = 0
 516              		@ frame_needed = 0, uses_anonymous_args = 0
 517              		.loc 1 239 1 is_stmt 0 view .LVU147
 518 0000 10B5     		push	{r4, lr}
 519              		.cfi_def_cfa_offset 8
 520              		.cfi_offset 4, -8
 521              		.cfi_offset 14, -4
 522 0002 0400     		movs	r4, r0
 240:Core/Src/stm32c0xx_hal_msp.c ****   if(huart->Instance==USART2)
 523              		.loc 1 240 3 is_stmt 1 view .LVU148
 524              		.loc 1 240 11 is_stmt 0 view .LVU149
 525 0004 0268     		ldr	r2, [r0]
 526              		.loc 1 240 5 view .LVU150
 527 0006 0C4B     		ldr	r3, .L31
 528 0008 9A42     		cmp	r2, r3
 529 000a 00D0     		beq	.L30
ARM GAS  C:\Users\kroko\AppData\Local\Temp\ccngj3Mv.s 			page 16


 530              	.LVL21:
 531              	.L28:
 241:Core/Src/stm32c0xx_hal_msp.c ****   {
 242:Core/Src/stm32c0xx_hal_msp.c ****   /* USER CODE BEGIN USART2_MspDeInit 0 */
 243:Core/Src/stm32c0xx_hal_msp.c **** 
 244:Core/Src/stm32c0xx_hal_msp.c ****   /* USER CODE END USART2_MspDeInit 0 */
 245:Core/Src/stm32c0xx_hal_msp.c ****     /* Peripheral clock disable */
 246:Core/Src/stm32c0xx_hal_msp.c ****     __HAL_RCC_USART2_CLK_DISABLE();
 247:Core/Src/stm32c0xx_hal_msp.c **** 
 248:Core/Src/stm32c0xx_hal_msp.c ****     /**USART2 GPIO Configuration
 249:Core/Src/stm32c0xx_hal_msp.c ****     PA2     ------> USART2_TX
 250:Core/Src/stm32c0xx_hal_msp.c ****     PA3     ------> USART2_RX
 251:Core/Src/stm32c0xx_hal_msp.c ****     */
 252:Core/Src/stm32c0xx_hal_msp.c ****     HAL_GPIO_DeInit(GPIOA, GPIO_PIN_2|GPIO_PIN_3);
 253:Core/Src/stm32c0xx_hal_msp.c **** 
 254:Core/Src/stm32c0xx_hal_msp.c ****     /* USART2 DMA DeInit */
 255:Core/Src/stm32c0xx_hal_msp.c ****     HAL_DMA_DeInit(huart->hdmarx);
 256:Core/Src/stm32c0xx_hal_msp.c ****     HAL_DMA_DeInit(huart->hdmatx);
 257:Core/Src/stm32c0xx_hal_msp.c **** 
 258:Core/Src/stm32c0xx_hal_msp.c ****     /* USART2 interrupt DeInit */
 259:Core/Src/stm32c0xx_hal_msp.c ****     HAL_NVIC_DisableIRQ(USART2_IRQn);
 260:Core/Src/stm32c0xx_hal_msp.c ****   /* USER CODE BEGIN USART2_MspDeInit 1 */
 261:Core/Src/stm32c0xx_hal_msp.c **** 
 262:Core/Src/stm32c0xx_hal_msp.c ****   /* USER CODE END USART2_MspDeInit 1 */
 263:Core/Src/stm32c0xx_hal_msp.c ****   }
 264:Core/Src/stm32c0xx_hal_msp.c **** 
 265:Core/Src/stm32c0xx_hal_msp.c **** }
 532              		.loc 1 265 1 view .LVU151
 533              		@ sp needed
 534              	.LVL22:
 535              		.loc 1 265 1 view .LVU152
 536 000c 10BD     		pop	{r4, pc}
 537              	.LVL23:
 538              	.L30:
 246:Core/Src/stm32c0xx_hal_msp.c **** 
 539              		.loc 1 246 5 is_stmt 1 view .LVU153
 540 000e 0B4A     		ldr	r2, .L31+4
 541 0010 D36B     		ldr	r3, [r2, #60]
 542 0012 0B49     		ldr	r1, .L31+8
 543 0014 0B40     		ands	r3, r1
 544 0016 D363     		str	r3, [r2, #60]
 252:Core/Src/stm32c0xx_hal_msp.c **** 
 545              		.loc 1 252 5 view .LVU154
 546 0018 A020     		movs	r0, #160
 547              	.LVL24:
 252:Core/Src/stm32c0xx_hal_msp.c **** 
 548              		.loc 1 252 5 is_stmt 0 view .LVU155
 549 001a 0C21     		movs	r1, #12
 550 001c C005     		lsls	r0, r0, #23
 551 001e FFF7FEFF 		bl	HAL_GPIO_DeInit
 552              	.LVL25:
 255:Core/Src/stm32c0xx_hal_msp.c ****     HAL_DMA_DeInit(huart->hdmatx);
 553              		.loc 1 255 5 is_stmt 1 view .LVU156
 554 0022 8023     		movs	r3, #128
 555 0024 E058     		ldr	r0, [r4, r3]
 556 0026 FFF7FEFF 		bl	HAL_DMA_DeInit
 557              	.LVL26:
ARM GAS  C:\Users\kroko\AppData\Local\Temp\ccngj3Mv.s 			page 17


 256:Core/Src/stm32c0xx_hal_msp.c **** 
 558              		.loc 1 256 5 view .LVU157
 559 002a E06F     		ldr	r0, [r4, #124]
 560 002c FFF7FEFF 		bl	HAL_DMA_DeInit
 561              	.LVL27:
 259:Core/Src/stm32c0xx_hal_msp.c ****   /* USER CODE BEGIN USART2_MspDeInit 1 */
 562              		.loc 1 259 5 view .LVU158
 563 0030 1C20     		movs	r0, #28
 564 0032 FFF7FEFF 		bl	HAL_NVIC_DisableIRQ
 565              	.LVL28:
 566              		.loc 1 265 1 is_stmt 0 view .LVU159
 567 0036 E9E7     		b	.L28
 568              	.L32:
 569              		.align	2
 570              	.L31:
 571 0038 00440040 		.word	1073759232
 572 003c 00100240 		.word	1073876992
 573 0040 FFFFFDFF 		.word	-131073
 574              		.cfi_endproc
 575              	.LFE221:
 577              		.text
 578              	.Letext0:
 579              		.file 2 "Drivers/CMSIS/Device/ST/STM32C0xx/Include/stm32c031xx.h"
 580              		.file 3 "C:/Users/kroko/AppData/Roaming/Code/User/globalStorage/bmd.stm32-for-vscode/@xpack-dev-to
 581              		.file 4 "C:/Users/kroko/AppData/Roaming/Code/User/globalStorage/bmd.stm32-for-vscode/@xpack-dev-to
 582              		.file 5 "Drivers/STM32C0xx_HAL_Driver/Inc/stm32c0xx_hal_def.h"
 583              		.file 6 "Drivers/STM32C0xx_HAL_Driver/Inc/stm32c0xx_hal_gpio.h"
 584              		.file 7 "Drivers/STM32C0xx_HAL_Driver/Inc/stm32c0xx_hal_dma.h"
 585              		.file 8 "Drivers/STM32C0xx_HAL_Driver/Inc/stm32c0xx_hal_tim.h"
 586              		.file 9 "Drivers/STM32C0xx_HAL_Driver/Inc/stm32c0xx_hal_uart.h"
 587              		.file 10 "Drivers/STM32C0xx_HAL_Driver/Inc/stm32c0xx_hal_cortex.h"
 588              		.file 11 "Core/Inc/main.h"
 589              		.file 12 "<built-in>"
ARM GAS  C:\Users\kroko\AppData\Local\Temp\ccngj3Mv.s 			page 18


DEFINED SYMBOLS
                            *ABS*:00000000 stm32c0xx_hal_msp.c
C:\Users\kroko\AppData\Local\Temp\ccngj3Mv.s:19     .text.HAL_MspInit:00000000 $t
C:\Users\kroko\AppData\Local\Temp\ccngj3Mv.s:25     .text.HAL_MspInit:00000000 HAL_MspInit
C:\Users\kroko\AppData\Local\Temp\ccngj3Mv.s:75     .text.HAL_MspInit:0000002c $d
C:\Users\kroko\AppData\Local\Temp\ccngj3Mv.s:80     .text.HAL_TIM_Base_MspInit:00000000 $t
C:\Users\kroko\AppData\Local\Temp\ccngj3Mv.s:86     .text.HAL_TIM_Base_MspInit:00000000 HAL_TIM_Base_MspInit
C:\Users\kroko\AppData\Local\Temp\ccngj3Mv.s:133    .text.HAL_TIM_Base_MspInit:00000024 $d
C:\Users\kroko\AppData\Local\Temp\ccngj3Mv.s:139    .text.HAL_TIM_MspPostInit:00000000 $t
C:\Users\kroko\AppData\Local\Temp\ccngj3Mv.s:145    .text.HAL_TIM_MspPostInit:00000000 HAL_TIM_MspPostInit
C:\Users\kroko\AppData\Local\Temp\ccngj3Mv.s:225    .text.HAL_TIM_MspPostInit:00000044 $d
C:\Users\kroko\AppData\Local\Temp\ccngj3Mv.s:231    .text.HAL_TIM_Base_MspDeInit:00000000 $t
C:\Users\kroko\AppData\Local\Temp\ccngj3Mv.s:237    .text.HAL_TIM_Base_MspDeInit:00000000 HAL_TIM_Base_MspDeInit
C:\Users\kroko\AppData\Local\Temp\ccngj3Mv.s:268    .text.HAL_TIM_Base_MspDeInit:00000018 $d
C:\Users\kroko\AppData\Local\Temp\ccngj3Mv.s:275    .text.HAL_UART_MspInit:00000000 $t
C:\Users\kroko\AppData\Local\Temp\ccngj3Mv.s:281    .text.HAL_UART_MspInit:00000000 HAL_UART_MspInit
C:\Users\kroko\AppData\Local\Temp\ccngj3Mv.s:494    .text.HAL_UART_MspInit:000000c8 $d
C:\Users\kroko\AppData\Local\Temp\ccngj3Mv.s:504    .text.HAL_UART_MspDeInit:00000000 $t
C:\Users\kroko\AppData\Local\Temp\ccngj3Mv.s:510    .text.HAL_UART_MspDeInit:00000000 HAL_UART_MspDeInit
C:\Users\kroko\AppData\Local\Temp\ccngj3Mv.s:571    .text.HAL_UART_MspDeInit:00000038 $d

UNDEFINED SYMBOLS
memset
HAL_GPIO_Init
HAL_DMA_Init
HAL_NVIC_SetPriority
HAL_NVIC_EnableIRQ
Error_Handler
hdma_usart2_rx
hdma_usart2_tx
HAL_GPIO_DeInit
HAL_DMA_DeInit
HAL_NVIC_DisableIRQ
