ARM GAS  C:\Users\kroko\AppData\Local\Temp\ccacMUqh.s 			page 1


   1              		.cpu cortex-m4
   2              		.arch armv7e-m
   3              		.fpu fpv4-sp-d16
   4              		.eabi_attribute 27, 1
   5              		.eabi_attribute 28, 1
   6              		.eabi_attribute 20, 1
   7              		.eabi_attribute 21, 1
   8              		.eabi_attribute 23, 3
   9              		.eabi_attribute 24, 1
  10              		.eabi_attribute 25, 1
  11              		.eabi_attribute 26, 1
  12              		.eabi_attribute 30, 1
  13              		.eabi_attribute 34, 1
  14              		.eabi_attribute 18, 4
  15              		.file	"enc.c"
  16              		.text
  17              	.Ltext0:
  18              		.cfi_sections	.debug_frame
  19              		.file 1 "Core/Src/enc.c"
  20              		.section	.text.initEnc,"ax",%progbits
  21              		.align	1
  22              		.global	initEnc
  23              		.syntax unified
  24              		.thumb
  25              		.thumb_func
  27              	initEnc:
  28              	.LVL0:
  29              	.LFB134:
   1:Core/Src/enc.c **** #include "enc.h"
   2:Core/Src/enc.c **** 
   3:Core/Src/enc.c **** void initEnc(Encoder *enc){
  30              		.loc 1 3 27 view -0
  31              		.cfi_startproc
  32              		@ args = 0, pretend = 0, frame = 0
  33              		@ frame_needed = 0, uses_anonymous_args = 0
  34              		.loc 1 3 27 is_stmt 0 view .LVU1
  35 0000 10B5     		push	{r4, lr}
  36              		.cfi_def_cfa_offset 8
  37              		.cfi_offset 4, -8
  38              		.cfi_offset 14, -4
  39 0002 0446     		mov	r4, r0
   4:Core/Src/enc.c ****     enc->s1LastState = !HAL_GPIO_ReadPin(enc->s1_port, enc->s1_pin);
  40              		.loc 1 4 5 is_stmt 1 view .LVU2
  41              		.loc 1 4 25 is_stmt 0 view .LVU3
  42 0004 8188     		ldrh	r1, [r0, #4]
  43 0006 0068     		ldr	r0, [r0]
  44              	.LVL1:
  45              		.loc 1 4 25 view .LVU4
  46 0008 FFF7FEFF 		bl	HAL_GPIO_ReadPin
  47              	.LVL2:
  48              		.loc 1 4 24 discriminator 1 view .LVU5
  49 000c B0FA80F0 		clz	r0, r0
  50 0010 4009     		lsrs	r0, r0, #5
  51              		.loc 1 4 22 discriminator 1 view .LVU6
  52 0012 A073     		strb	r0, [r4, #14]
   5:Core/Src/enc.c **** }
  53              		.loc 1 5 1 view .LVU7
ARM GAS  C:\Users\kroko\AppData\Local\Temp\ccacMUqh.s 			page 2


  54 0014 10BD     		pop	{r4, pc}
  55              		.loc 1 5 1 view .LVU8
  56              		.cfi_endproc
  57              	.LFE134:
  59              		.section	.text.tickEnc,"ax",%progbits
  60              		.align	1
  61              		.global	tickEnc
  62              		.syntax unified
  63              		.thumb
  64              		.thumb_func
  66              	tickEnc:
  67              	.LVL3:
  68              	.LFB135:
   6:Core/Src/enc.c **** 
   7:Core/Src/enc.c **** 
   8:Core/Src/enc.c **** void tickEnc(Encoder *enc){
  69              		.loc 1 8 27 is_stmt 1 view -0
  70              		.cfi_startproc
  71              		@ args = 0, pretend = 0, frame = 0
  72              		@ frame_needed = 0, uses_anonymous_args = 0
  73              		.loc 1 8 27 is_stmt 0 view .LVU10
  74 0000 38B5     		push	{r3, r4, r5, lr}
  75              		.cfi_def_cfa_offset 16
  76              		.cfi_offset 3, -16
  77              		.cfi_offset 4, -12
  78              		.cfi_offset 5, -8
  79              		.cfi_offset 14, -4
  80 0002 0446     		mov	r4, r0
   9:Core/Src/enc.c ****     bool s1State = !HAL_GPIO_ReadPin(enc->s1_port, enc->s1_pin);
  81              		.loc 1 9 5 is_stmt 1 view .LVU11
  82              		.loc 1 9 21 is_stmt 0 view .LVU12
  83 0004 8188     		ldrh	r1, [r0, #4]
  84 0006 0068     		ldr	r0, [r0]
  85              	.LVL4:
  86              		.loc 1 9 21 view .LVU13
  87 0008 FFF7FEFF 		bl	HAL_GPIO_ReadPin
  88              	.LVL5:
  89              		.loc 1 9 10 discriminator 1 view .LVU14
  90 000c B0FA80F5 		clz	r5, r0
  91 0010 6D09     		lsrs	r5, r5, #5
  92              	.LVL6:
  10:Core/Src/enc.c ****     if(s1State != enc -> s1LastState){
  93              		.loc 1 10 5 is_stmt 1 view .LVU15
  94              		.loc 1 10 23 is_stmt 0 view .LVU16
  95 0012 A37B     		ldrb	r3, [r4, #14]	@ zero_extendqisi2
  96              		.loc 1 10 7 view .LVU17
  97 0014 AB42     		cmp	r3, r5
  98 0016 00D1     		bne	.L7
  99              	.L3:
  11:Core/Src/enc.c ****         if(HAL_GPIO_ReadPin(enc->s2_port, enc->s2_pin) != s1State){
  12:Core/Src/enc.c ****             enc->isRightTurn = true;
  13:Core/Src/enc.c ****         }else{
  14:Core/Src/enc.c ****             enc->isLeftTurn = true;
  15:Core/Src/enc.c ****         }
  16:Core/Src/enc.c ****     }
  17:Core/Src/enc.c **** }
 100              		.loc 1 17 1 view .LVU18
ARM GAS  C:\Users\kroko\AppData\Local\Temp\ccacMUqh.s 			page 3


 101 0018 38BD     		pop	{r3, r4, r5, pc}
 102              	.LVL7:
 103              	.L7:
  11:Core/Src/enc.c ****         if(HAL_GPIO_ReadPin(enc->s2_port, enc->s2_pin) != s1State){
 104              		.loc 1 11 9 is_stmt 1 view .LVU19
  11:Core/Src/enc.c ****         if(HAL_GPIO_ReadPin(enc->s2_port, enc->s2_pin) != s1State){
 105              		.loc 1 11 12 is_stmt 0 view .LVU20
 106 001a A189     		ldrh	r1, [r4, #12]
 107 001c A068     		ldr	r0, [r4, #8]
 108 001e FFF7FEFF 		bl	HAL_GPIO_ReadPin
 109              	.LVL8:
  11:Core/Src/enc.c ****         if(HAL_GPIO_ReadPin(enc->s2_port, enc->s2_pin) != s1State){
 110              		.loc 1 11 11 discriminator 1 view .LVU21
 111 0022 A842     		cmp	r0, r5
 112 0024 02D0     		beq	.L5
  12:Core/Src/enc.c ****         }else{
 113              		.loc 1 12 13 is_stmt 1 view .LVU22
  12:Core/Src/enc.c ****         }else{
 114              		.loc 1 12 30 is_stmt 0 view .LVU23
 115 0026 0123     		movs	r3, #1
 116 0028 2374     		strb	r3, [r4, #16]
 117 002a F5E7     		b	.L3
 118              	.L5:
  14:Core/Src/enc.c ****         }
 119              		.loc 1 14 13 is_stmt 1 view .LVU24
  14:Core/Src/enc.c ****         }
 120              		.loc 1 14 29 is_stmt 0 view .LVU25
 121 002c 0123     		movs	r3, #1
 122 002e E373     		strb	r3, [r4, #15]
 123              		.loc 1 17 1 view .LVU26
 124 0030 F2E7     		b	.L3
 125              		.cfi_endproc
 126              	.LFE135:
 128              		.section	.text.isLeft,"ax",%progbits
 129              		.align	1
 130              		.global	isLeft
 131              		.syntax unified
 132              		.thumb
 133              		.thumb_func
 135              	isLeft:
 136              	.LVL9:
 137              	.LFB136:
  18:Core/Src/enc.c **** 
  19:Core/Src/enc.c **** bool isLeft(Encoder *enc){
 138              		.loc 1 19 26 is_stmt 1 view -0
 139              		.cfi_startproc
 140              		@ args = 0, pretend = 0, frame = 0
 141              		@ frame_needed = 0, uses_anonymous_args = 0
 142              		@ link register save eliminated.
 143              		.loc 1 19 26 is_stmt 0 view .LVU28
 144 0000 0346     		mov	r3, r0
  20:Core/Src/enc.c ****     if(enc->isLeftTurn){
 145              		.loc 1 20 5 is_stmt 1 view .LVU29
 146              		.loc 1 20 11 is_stmt 0 view .LVU30
 147 0002 C07B     		ldrb	r0, [r0, #15]	@ zero_extendqisi2
 148              	.LVL10:
 149              		.loc 1 20 7 view .LVU31
ARM GAS  C:\Users\kroko\AppData\Local\Temp\ccacMUqh.s 			page 4


 150 0004 00B9     		cbnz	r0, .L10
 151              	.L9:
  21:Core/Src/enc.c ****         enc->isLeftTurn = false;
  22:Core/Src/enc.c ****         return true;
  23:Core/Src/enc.c ****     } return false;
  24:Core/Src/enc.c **** }
 152              		.loc 1 24 1 view .LVU32
 153 0006 7047     		bx	lr
 154              	.L10:
  21:Core/Src/enc.c ****         enc->isLeftTurn = false;
 155              		.loc 1 21 9 is_stmt 1 view .LVU33
  21:Core/Src/enc.c ****         enc->isLeftTurn = false;
 156              		.loc 1 21 25 is_stmt 0 view .LVU34
 157 0008 0022     		movs	r2, #0
 158 000a DA73     		strb	r2, [r3, #15]
  22:Core/Src/enc.c ****     } return false;
 159              		.loc 1 22 9 is_stmt 1 view .LVU35
  22:Core/Src/enc.c ****     } return false;
 160              		.loc 1 22 16 is_stmt 0 view .LVU36
 161 000c FBE7     		b	.L9
 162              		.cfi_endproc
 163              	.LFE136:
 165              		.section	.text.isRight,"ax",%progbits
 166              		.align	1
 167              		.global	isRight
 168              		.syntax unified
 169              		.thumb
 170              		.thumb_func
 172              	isRight:
 173              	.LVL11:
 174              	.LFB137:
  25:Core/Src/enc.c **** 
  26:Core/Src/enc.c **** bool isRight(Encoder *enc){
 175              		.loc 1 26 27 is_stmt 1 view -0
 176              		.cfi_startproc
 177              		@ args = 0, pretend = 0, frame = 0
 178              		@ frame_needed = 0, uses_anonymous_args = 0
 179              		@ link register save eliminated.
 180              		.loc 1 26 27 is_stmt 0 view .LVU38
 181 0000 0346     		mov	r3, r0
  27:Core/Src/enc.c ****     if(enc->isRightTurn){
 182              		.loc 1 27 5 is_stmt 1 view .LVU39
 183              		.loc 1 27 11 is_stmt 0 view .LVU40
 184 0002 007C     		ldrb	r0, [r0, #16]	@ zero_extendqisi2
 185              	.LVL12:
 186              		.loc 1 27 7 view .LVU41
 187 0004 00B9     		cbnz	r0, .L13
 188              	.L12:
  28:Core/Src/enc.c ****         enc->isRightTurn = false;
  29:Core/Src/enc.c ****         return true;
  30:Core/Src/enc.c ****     } return false;
  31:Core/Src/enc.c **** }...
 189              		.loc 1 31 1 view .LVU42
 190 0006 7047     		bx	lr
 191              	.L13:
  28:Core/Src/enc.c ****         enc->isRightTurn = false;
 192              		.loc 1 28 9 is_stmt 1 view .LVU43
ARM GAS  C:\Users\kroko\AppData\Local\Temp\ccacMUqh.s 			page 5


  28:Core/Src/enc.c ****         enc->isRightTurn = false;
 193              		.loc 1 28 26 is_stmt 0 view .LVU44
 194 0008 0022     		movs	r2, #0
 195 000a 1A74     		strb	r2, [r3, #16]
  29:Core/Src/enc.c ****         return true;
 196              		.loc 1 29 9 is_stmt 1 view .LVU45
  29:Core/Src/enc.c ****         return true;
 197              		.loc 1 29 16 is_stmt 0 view .LVU46
 198 000c FBE7     		b	.L12
 199              		.cfi_endproc
 200              	.LFE137:
 202              		.text
 203              	.Letext0:
 204              		.file 2 "C:/Users/kroko/AppData/Roaming/Code/User/globalStorage/bmd.stm32-for-vscode/@xpack-dev-to
 205              		.file 3 "C:/Users/kroko/AppData/Roaming/Code/User/globalStorage/bmd.stm32-for-vscode/@xpack-dev-to
 206              		.file 4 "Drivers/CMSIS/Device/ST/STM32F4xx/Include/stm32f413xx.h"
 207              		.file 5 "Drivers/STM32F4xx_HAL_Driver/Inc/stm32f4xx_hal_gpio.h"
 208              		.file 6 "Core/Inc/enc.h"
ARM GAS  C:\Users\kroko\AppData\Local\Temp\ccacMUqh.s 			page 6


DEFINED SYMBOLS
                            *ABS*:00000000 enc.c
C:\Users\kroko\AppData\Local\Temp\ccacMUqh.s:21     .text.initEnc:00000000 $t
C:\Users\kroko\AppData\Local\Temp\ccacMUqh.s:27     .text.initEnc:00000000 initEnc
C:\Users\kroko\AppData\Local\Temp\ccacMUqh.s:60     .text.tickEnc:00000000 $t
C:\Users\kroko\AppData\Local\Temp\ccacMUqh.s:66     .text.tickEnc:00000000 tickEnc
C:\Users\kroko\AppData\Local\Temp\ccacMUqh.s:129    .text.isLeft:00000000 $t
C:\Users\kroko\AppData\Local\Temp\ccacMUqh.s:135    .text.isLeft:00000000 isLeft
C:\Users\kroko\AppData\Local\Temp\ccacMUqh.s:166    .text.isRight:00000000 $t
C:\Users\kroko\AppData\Local\Temp\ccacMUqh.s:172    .text.isRight:00000000 isRight

UNDEFINED SYMBOLS
HAL_GPIO_ReadPin
